This file contains any messages produced by compilers while
running configure, to aid debugging if configure makes a mistake.

It was created by configure, which was
generated by GNU Autoconf 2.59.  Invocation command line was

  $ ./configure 

## --------- ##
## Platform. ##
## --------- ##

hostname = Meowington
uname -m = x86_64
uname -r = 2.9.0(0.318/5/3)
uname -s = CYGWIN_NT-10.0
uname -v = 2017-09-12 10:18

/usr/bin/uname -p = unknown
/bin/uname -X     = unknown

/bin/arch              = x86_64
/usr/bin/arch -k       = unknown
/usr/convex/getsysinfo = unknown
hostinfo               = unknown
/bin/machine           = unknown
/usr/bin/oslevel       = unknown
/bin/universe          = unknown

PATH: ~/winhome/Dropbox/bin/win7/
PATH: ~/winhome/Dropbox/bin/macosx/
PATH: /usr/local/bin
PATH: /usr/bin
PATH: /cygdrive/c/ProgramData/Oracle/Java/javapath
PATH: /cygdrive/c/Program Files/Common Files/Microsoft Shared/Windows Live
PATH: /cygdrive/c/Program Files (x86)/Common Files/Microsoft Shared/Windows Live
PATH: /cygdrive/c/WINDOWS/system32
PATH: /cygdrive/c/WINDOWS
PATH: /cygdrive/c/WINDOWS/System32/Wbem
PATH: /cygdrive/c/WINDOWS/System32/WindowsPowerShell/v1.0
PATH: /cygdrive/c/cygwin/bin
PATH: /cygdrive/c/Program Files (x86)/Calibre2
PATH: /cygdrive/c/Program Files (x86)/GNU/GnuPG/pub
PATH: /cygdrive/c/Program Files (x86)/Git/cmd
PATH: /cygdrive/c/Program Files (x86)/Windows Live/Shared
PATH: /cygdrive/c/Program Files (x86)/QuickTime/QTSystem
PATH: /cygdrive/c/Program Files (x86)/SIL/FontUtils
PATH: /cygdrive/c/FDK/FDK/Tools/SharedData/FDKScripts
PATH: /cygdrive/c/strawberry/c/bin
PATH: /cygdrive/c/strawberry/perl/site/bin
PATH: /cygdrive/c/strawberry/perl/bin
PATH: /cygdrive/c/Program Files/SourceGear/Common/DiffMerge
PATH: /cygdrive/c/wamp64/bin/php/php5.6.25
PATH: /cygdrive/c/ProgramData/ComposerSetup/bin
PATH: /cygdrive/c/Program 
Files/gs/gs8.54/lib
PATH: /cygdrive/c/Program 
Files/gs/gs8.54/bin
PATH: /cygdrive/c/Program Files/nodejs
PATH: /cygdrive/c/Program Files (x86)/Nmap
PATH: /cygdrive/c/Program Files (x86)/Kakadu
PATH: /cygdrive/c/Strawberry/perl/bin

PATH: /cygdrive/c/Users/zoltan/AppData/Local/Microsoft/WindowsApps
PATH: /cygdrive/c/Users/zoltan/AppData/Roaming/Composer/vendor/bin
PATH: /cygdrive/c/Users/zoltan/AppData/Roaming/npm


## ----------- ##
## Core tests. ##
## ----------- ##

configure:1295: checking for gcc
configure:1311: found /usr/bin/gcc
configure:1321: result: gcc
configure:1565: checking for C compiler version
configure:1568: gcc --version </dev/null >&5
gcc (GCC) 6.4.0
Copyright (C) 2017 Free Software Foundation, Inc.
This is free software; see the source for copying conditions.  There is NO
warranty; not even for MERCHANTABILITY or FITNESS FOR A PARTICULAR PURPOSE.

configure:1571: $? = 0
configure:1573: gcc -v </dev/null >&5
Using built-in specs.
COLLECT_GCC=gcc
COLLECT_LTO_WRAPPER=/usr/lib/gcc/x86_64-pc-cygwin/6.4.0/lto-wrapper.exe
Target: x86_64-pc-cygwin
Configured with: /cygdrive/i/szsz/tmpp/gcc/gcc-6.4.0-1.x86_64/src/gcc-6.4.0/configure --srcdir=/cygdrive/i/szsz/tmpp/gcc/gcc-6.4.0-1.x86_64/src/gcc-6.4.0 --prefix=/usr --exec-prefix=/usr --localstatedir=/var --sysconfdir=/etc --docdir=/usr/share/doc/gcc --htmldir=/usr/share/doc/gcc/html -C --build=x86_64-pc-cygwin --host=x86_64-pc-cygwin --target=x86_64-pc-cygwin --without-libiconv-prefix --without-libintl-prefix --libexecdir=/usr/lib --enable-shared --enable-shared-libgcc --enable-static --enable-version-specific-runtime-libs --enable-bootstrap --enable-__cxa_atexit --with-dwarf2 --with-tune=generic --enable-languages=ada,c,c++,fortran,lto,objc,obj-c++ --enable-graphite --enable-threads=posix --enable-libatomic --enable-libcilkrts --enable-libgomp --enable-libitm --enable-libquadmath --enable-libquadmath-support --enable-libssp --enable-libada --disable-symvers --with-gnu-ld --with-gnu-as --with-cloog-include=/usr/include/cloog-isl --without-libiconv-prefix --without-libintl-prefix --with-system-zlib --enable-linker-build-id --with-default-libstdcxx-abi=gcc4-compatible
Thread model: posix
gcc version 6.4.0 (GCC) 
configure:1576: $? = 0
configure:1578: gcc -V </dev/null >&5
gcc: error: unrecognized command line option '-V'
gcc: fatal error: no input files
compilation terminated.
configure:1581: $? = 1
configure:1604: checking for C compiler default output file name
configure:1607: gcc    conftest.c  >&5
configure:1610: $? = 0
configure:1656: result: a.exe
configure:1661: checking whether the C compiler works
configure:1667: ./a.exe
configure:1670: $? = 0
configure:1687: result: yes
configure:1694: checking whether we are cross compiling
configure:1696: result: no
configure:1699: checking for suffix of executables
configure:1701: gcc -o conftest.exe    conftest.c  >&5
configure:1704: $? = 0
configure:1729: result: .exe
configure:1735: checking for suffix of object files
configure:1756: gcc -c   conftest.c >&5
configure:1759: $? = 0
configure:1781: result: o
configure:1785: checking whether we are using the GNU C compiler
configure:1809: gcc -c   conftest.c >&5
configure:1815: $? = 0
configure:1819: test -z 
			 || test ! -s conftest.err
configure:1822: $? = 0
configure:1825: test -s conftest.o
configure:1828: $? = 0
configure:1841: result: yes
configure:1847: checking whether gcc accepts -g
configure:1868: gcc -c -g  conftest.c >&5
configure:1874: $? = 0
configure:1878: test -z 
			 || test ! -s conftest.err
configure:1881: $? = 0
configure:1884: test -s conftest.o
configure:1887: $? = 0
configure:1898: result: yes
configure:1915: checking for gcc option to accept ANSI C
configure:1985: gcc  -c -g -O2  conftest.c >&5
configure:1991: $? = 0
configure:1995: test -z 
			 || test ! -s conftest.err
configure:1998: $? = 0
configure:2001: test -s conftest.o
configure:2004: $? = 0
configure:2022: result: none needed
configure:2040: gcc -c -g -O2  conftest.c >&5
conftest.c:2:3: error: unknown type name 'choke'
   choke me
   ^~~~~
conftest.c:2:3: error: expected '=', ',', ';', 'asm' or '__attribute__' at end of input
configure:2046: $? = 1
configure: failed program was:
| #ifndef __cplusplus
|   choke me
| #endif
configure:2210: checking build system type
configure:2228: result: x86_64-unknown-cygwin
configure:2236: checking host system type
configure:2250: result: x86_64-unknown-cygwin
configure:2390: creating ./config.status

## ---------------------- ##
## Running config.status. ##
## ---------------------- ##

This file was extended by config.status, which was
generated by GNU Autoconf 2.59.  Invocation command line was

  CONFIG_FILES    = 
  CONFIG_HEADERS  = 
  CONFIG_LINKS    = 
  CONFIG_COMMANDS = 
  $ ./config.status 

on Meowington

config.status:641: creating Makefile

## ---------------- ##
## Cache variables. ##
## ---------------- ##

ac_cv_build=x86_64-unknown-cygwin
ac_cv_build_alias=x86_64-unknown-cygwin
ac_cv_c_compiler_gnu=yes
ac_cv_env_CC_set=
ac_cv_env_CC_value=
ac_cv_env_CFLAGS_set=
ac_cv_env_CFLAGS_value=
ac_cv_env_CPPFLAGS_set=
ac_cv_env_CPPFLAGS_value=
ac_cv_env_LDFLAGS_set=
ac_cv_env_LDFLAGS_value=
ac_cv_env_build_alias_set=
ac_cv_env_build_alias_value=
ac_cv_env_host_alias_set=
ac_cv_env_host_alias_value=
ac_cv_env_target_alias_set=
ac_cv_env_target_alias_value=
ac_cv_exeext=.exe
ac_cv_host=x86_64-unknown-cygwin
ac_cv_host_alias=x86_64-unknown-cygwin
ac_cv_objext=o
ac_cv_prog_ac_ct_CC=gcc
ac_cv_prog_cc_g=yes
ac_cv_prog_cc_stdc=

## ----------------- ##
## Output variables. ##
## ----------------- ##

CC='gcc'
CFLAGS='-g -O2'
CPPFLAGS=''
DEFS='-DPACKAGE_NAME=\"\" -DPACKAGE_TARNAME=\"\" -DPACKAGE_VERSION=\"\" -DPACKAGE_STRING=\"\" -DPACKAGE_BUGREPORT=\"\" '
ECHO_C=''
ECHO_N='-n'
ECHO_T=''
EXEEXT='.exe'
HOST='x86_64-unknown-cygwin'
LDFLAGS=''
LIBOBJS=''
LIBS=''
LTLIBOBJS=''
OBJEXT='o'
PACKAGE_BUGREPORT=''
PACKAGE_NAME=''
PACKAGE_STRING=''
PACKAGE_TARNAME=''
PACKAGE_VERSION=''
PATH_SEPARATOR=':'
SHELL='/bin/sh'
VPATH=''
ac_ct_CC='gcc'
bindir='${exec_prefix}/bin'
build='x86_64-unknown-cygwin'
build_alias=''
build_cpu='x86_64'
build_os='cygwin'
build_vendor='unknown'
datadir='${prefix}/share'
exec_prefix='${prefix}'
host='x86_64-unknown-cygwin'
host_alias=''
host_cpu='x86_64'
host_os='cygwin'
host_vendor='unknown'
includedir='${prefix}/include'
infodir='${prefix}/info'
libdir='${exec_prefix}/lib'
libexecdir='${exec_prefix}/libexec'
localstatedir='${prefix}/var'
mandir='${prefix}/man'
oldincludedir='/usr/include'
prefix='/usr/local'
program_transform_name='s,x,x,'
sbindir='${exec_prefix}/sbin'
sharedstatedir='${prefix}/com'
sysconfdir='${prefix}/etc'
target_alias=''

## ----------- ##
## confdefs.h. ##
## ----------- ##

#define PACKAGE_BUGREPORT ""
#define PACKAGE_NAME ""
#define PACKAGE_STRING ""
#define PACKAGE_TARNAME ""
#define PACKAGE_VERSION ""

configure: exit 0
